[debug] [2021-07-05T19:53:05.108Z] ----------------------------------------------------------------------
[debug] [2021-07-05T19:53:05.110Z] Command:       /usr/local/Cellar/node/15.6.0/bin/node /usr/local/bin/firebase deploy --only hosting:natrennt
[debug] [2021-07-05T19:53:05.110Z] CLI Version:   9.10.0
[debug] [2021-07-05T19:53:05.110Z] Platform:      darwin
[debug] [2021-07-05T19:53:05.110Z] Node Version:  v15.6.0
[debug] [2021-07-05T19:53:05.111Z] Time:          Mon Jul 05 2021 21:53:05 GMT+0200 (Central European Summer Time)
[debug] [2021-07-05T19:53:05.112Z] ----------------------------------------------------------------------
[debug] 
[debug] [2021-07-05T19:53:05.122Z] > command requires scopes: ["email","openid","https://www.googleapis.com/auth/cloudplatformprojects.readonly","https://www.googleapis.com/auth/firebase","https://www.googleapis.com/auth/cloud-platform"]
[debug] [2021-07-05T19:53:05.122Z] > authorizing via signed-in user (ewdobron@googlemail.com)
[debug] [2021-07-05T19:53:05.122Z] [iam] checking project natrennt for permissions ["firebase.projects.get","firebasehosting.sites.update"]
[debug] [2021-07-05T19:53:05.124Z] >>> HTTP REQUEST POST https://cloudresourcemanager.googleapis.com/v1/projects/natrennt:testIamPermissions  
 {"permissions":["firebase.projects.get","firebasehosting.sites.update"]}
[debug] [2021-07-05T19:53:05.356Z] <<< HTTP RESPONSE 200 {"content-type":"application/json; charset=UTF-8","vary":"X-Origin, Referer, Origin,Accept-Encoding","date":"Mon, 05 Jul 2021 19:53:05 GMT","server":"ESF","cache-control":"private","x-xss-protection":"0","x-frame-options":"SAMEORIGIN","x-content-type-options":"nosniff","server-timing":"gfet4t7; dur=125","alt-svc":"h3=\":443\"; ma=2592000,h3-29=\":443\"; ma=2592000,h3-T051=\":443\"; ma=2592000,h3-Q050=\":443\"; ma=2592000,h3-Q046=\":443\"; ma=2592000,h3-Q043=\":443\"; ma=2592000,quic=\":443\"; ma=2592000; v=\"46,43\"","accept-ranges":"none","transfer-encoding":"chunked"}
[debug] [2021-07-05T19:53:05.358Z] > refreshing access token with scopes: []
[debug] [2021-07-05T19:53:05.358Z] >>> HTTP REQUEST POST https://www.googleapis.com/oauth2/v3/token  
 <request body omitted>
[debug] [2021-07-05T19:53:05.459Z] <<< HTTP RESPONSE 200 {"cache-control":"no-cache, no-store, max-age=0, must-revalidate","pragma":"no-cache","date":"Mon, 05 Jul 2021 19:53:05 GMT","expires":"Mon, 01 Jan 1990 00:00:00 GMT","content-type":"application/json; charset=utf-8","vary":"X-Origin, Referer, Origin,Accept-Encoding","server":"scaffolding on HTTPServer2","x-xss-protection":"0","x-frame-options":"SAMEORIGIN","x-content-type-options":"nosniff","alt-svc":"h3=\":443\"; ma=2592000,h3-29=\":443\"; ma=2592000,h3-T051=\":443\"; ma=2592000,h3-Q050=\":443\"; ma=2592000,h3-Q046=\":443\"; ma=2592000,h3-Q043=\":443\"; ma=2592000,quic=\":443\"; ma=2592000; v=\"46,43\"","accept-ranges":"none","transfer-encoding":"chunked"}
[debug] [2021-07-05T19:53:05.523Z] >>> [apiv2][query] GET https://firebase.googleapis.com/v1beta1/projects/natrennt [none]
[debug] [2021-07-05T19:53:05.752Z] <<< [apiv2][status] GET https://firebase.googleapis.com/v1beta1/projects/natrennt 200
[debug] [2021-07-05T19:53:05.752Z] <<< [apiv2][body] GET https://firebase.googleapis.com/v1beta1/projects/natrennt {"projectId":"natrennt","projectNumber":"25082834324","displayName":"NatRennt","name":"projects/natrennt","resources":{"hostingSite":"natrennt","realtimeDatabaseInstance":"natrennt-default-rtdb"},"state":"ACTIVE"}
[info] 
[info] === Deploying to 'natrennt'...
[info] 
[info] i  deploying hosting 
[debug] [2021-07-05T19:53:05.755Z] > refreshing access token with scopes: ["email","https://www.googleapis.com/auth/cloud-platform","https://www.googleapis.com/auth/cloudplatformprojects.readonly","https://www.googleapis.com/auth/firebase","openid"]
[debug] [2021-07-05T19:53:05.755Z] >>> HTTP REQUEST POST https://www.googleapis.com/oauth2/v3/token  
 <request body omitted>
[debug] [2021-07-05T19:53:05.854Z] <<< HTTP RESPONSE 200 {"pragma":"no-cache","cache-control":"no-cache, no-store, max-age=0, must-revalidate","date":"Mon, 05 Jul 2021 19:53:05 GMT","expires":"Mon, 01 Jan 1990 00:00:00 GMT","content-type":"application/json; charset=utf-8","vary":"X-Origin, Referer, Origin,Accept-Encoding","server":"scaffolding on HTTPServer2","x-xss-protection":"0","x-frame-options":"SAMEORIGIN","x-content-type-options":"nosniff","alt-svc":"h3=\":443\"; ma=2592000,h3-29=\":443\"; ma=2592000,h3-T051=\":443\"; ma=2592000,h3-Q050=\":443\"; ma=2592000,h3-Q046=\":443\"; ma=2592000,h3-Q043=\":443\"; ma=2592000,quic=\":443\"; ma=2592000; v=\"46,43\"","accept-ranges":"none","transfer-encoding":"chunked"}
[debug] [2021-07-05T19:53:05.915Z] >>> HTTP REQUEST POST https://firebasehosting.googleapis.com/v1beta1/sites/natrennt/versions  
 {"config":{"rewrites":[{"glob":"**","path":"/index.html"}]},"labels":{"deployment-tool":"cli-firebase"}}
[debug] [2021-07-05T19:53:07.107Z] <<< HTTP RESPONSE 200 {"content-type":"application/json; charset=UTF-8","vary":"X-Origin, Referer, Origin,Accept-Encoding","date":"Mon, 05 Jul 2021 19:53:07 GMT","server":"ESF","cache-control":"private","x-xss-protection":"0","x-frame-options":"SAMEORIGIN","x-content-type-options":"nosniff","alt-svc":"h3=\":443\"; ma=2592000,h3-29=\":443\"; ma=2592000,h3-T051=\":443\"; ma=2592000,h3-Q050=\":443\"; ma=2592000,h3-Q046=\":443\"; ma=2592000,h3-Q043=\":443\"; ma=2592000,quic=\":443\"; ma=2592000; v=\"46,43\"","accept-ranges":"none","transfer-encoding":"chunked"}
[info] i  hosting[natrennt]: beginning deploy... 
[info] i  hosting[natrennt]: found 31 files in dist/natalie-rennt 
[debug] [2021-07-05T19:53:08.286Z] > refreshing access token with scopes: []
[debug] [2021-07-05T19:53:08.286Z] >>> HTTP REQUEST POST https://www.googleapis.com/oauth2/v3/token  
 <request body omitted>
[debug] [2021-07-05T19:53:08.287Z] [hosting] hash cache [ZGlzdC9uYXRhbGllLXJlbm50] stored for 31 files
[debug] [2021-07-05T19:53:08.287Z] [hosting][hash queue][FINAL] {"max":1161,"min":28,"avg":158.67741935483872,"active":0,"complete":31,"success":31,"errored":0,"retried":0,"total":31,"elapsed":1167}
[debug] [2021-07-05T19:53:08.361Z] <<< HTTP RESPONSE 200 {"cache-control":"no-cache, no-store, max-age=0, must-revalidate","pragma":"no-cache","expires":"Mon, 01 Jan 1990 00:00:00 GMT","date":"Mon, 05 Jul 2021 19:53:08 GMT","content-type":"application/json; charset=utf-8","vary":"X-Origin, Referer, Origin,Accept-Encoding","server":"scaffolding on HTTPServer2","x-xss-protection":"0","x-frame-options":"SAMEORIGIN","x-content-type-options":"nosniff","alt-svc":"h3=\":443\"; ma=2592000,h3-29=\":443\"; ma=2592000,h3-T051=\":443\"; ma=2592000,h3-Q050=\":443\"; ma=2592000,h3-Q046=\":443\"; ma=2592000,h3-Q043=\":443\"; ma=2592000,quic=\":443\"; ma=2592000; v=\"46,43\"","accept-ranges":"none","transfer-encoding":"chunked"}
[debug] [2021-07-05T19:53:08.421Z] >>> [apiv2][query] POST https://firebasehosting.googleapis.com/v1beta1/sites/natrennt/versions/7844caa0a170ab2b:populateFiles [none]
[debug] [2021-07-05T19:53:08.421Z] >>> [apiv2][body] POST https://firebasehosting.googleapis.com/v1beta1/sites/natrennt/versions/7844caa0a170ab2b:populateFiles {"files":{"/favicon.ico":"a9f5a182d34185a85e0b9c310dedc50e2a40385ad5742b91314f4d0586ecd05f","/index.html":"2a592c6506ae039d8f0901e5b921cc1cf22858ef2039e6965ba8ee6479c13282","/main-es2015.js.map":"cfb5a43753a52996f99744edb199b118c173df935775dc8aadb745103580fb14","/main-es5.js.map":"10de8a55d7aadda4d3d67f32c5c9ecf4567f059339fe7d733df840779e550531","/runtime-es2015.js":"858c76fdf4699ecbcd8a5c8dfcc9d6e286f4311ac739489ba67d0ef105d012c2","/runtime-es5.js":"6d36110383f505fe0286f7810435fffc8a51f5ddf62f058b99d6e0dd64a55160","/runtime-es5.js.map":"ec9ae0693c7fed20b3d8d5c693d5ae6b7d7d0c9058b7c850e8e2f8220b73847e","/runtime-es2015.js.map":"fa62d25f3f63879577c91372888bc3279cffbb81bd8bd0f6d2a3d7b24783942c","/assets/images/instagram.svg":"511fe10278a5826246142fa17ee6875e9a05f1f8be24f08495d63ca900249bcb","/assets/images/facebook.svg":"574df76fa31975abee3d39bb053ec8e76ddb759691f3be02b4ec0d9614619739","/assets/images/trophy.svg":"ae7c5bb7faaad4cd6e5a5bb0ff6fdef8384309e36ecc8d04e4175859fd76e13d","/assets/deutschlandkarte.png":"349d3ac90a66f80966e676e3c679be05e2884b38216593dd5e4618457787c1d0","/main-es2015.js":"adce15d1964da0bc0877da43c1210403cd19a9c6e97e970b39d1ed44c01c2181","/main-es5.js":"0f2aba0f800422e9fdd659554c74a1af97f34f35f582b2c045b951ce430b2e16","/polyfills-es2015.js":"f70188f78bc5f75de6a6e56562cc4bd6d86142c9e6f70889e1148290a7cd503a","/polyfills-es2015.js.map":"6356c32f6832fe2fea06de0f0236198cb9df0d59596979880c28efe9fea50316","/styles.css":"ce3b27e3e81a27e07d471f407a3716e5bc3c3c75facf352771b1f9c89af01d7c","/assets/images/stempel-run.png":"eaa75f8764758b2c905521156c0a7ad8df50a8fae27dcd3c0fddf1fedbd59399","/styles.css.map":"36fae3e765eb6a8dbe3503e3d6b0088362f69ab52dd116c36cdaa6577d03754c","/firebase-auth-es2015.js":"5f354ac7aea0549891572d2f2b2de3eeba9d1985304ee60e98c7f8ff0d5ce3e5","/firebase-auth-es2015.js.map":"3ac1bcbcae3190ad13aeb723aec1e3b2fe222d67d4250b34410d49f71b36dad3","/assets/natalie.jpg":"76b14f8ccfb070054868c5f4c4bc07db77311a05667079a003576d75613071d7","/firebase-auth-es5.js":"5fa3e4b71ddc3ba2821aab5e486b635955312b1c28843914555ed0a9cdb62c66","/assets/deutschlandkarte-lauf.png":"14c25912c9ea74fe069306b74f93335501a25ecb777440709f1eae8e6f88887a","/polyfills-es5.js":"d579fec89d3ba0cb38f22e4621165ce7464ca0a91cfc175957bff6ad5fa7a8a7","/polyfills-es5.js.map":"4547061dbdfd906947affd106fab6361ca54762d16823a51a3b8a66e3186b6e4","/firebase-auth-es5.js.map":"a75a13f7166b351a9123050295f3a5fb059dee317600daa060d7cdc11912afd1","/vendor-es2015.js":"fa55fa28324c02493ce770adb9b670742e4b02ebcec743e14b641f7a69b73c0c","/vendor-es2015.js.map":"aa41db520b271c8e76adac14c435c9e50054026b328e5b19cbe7f9a287389be1","/vendor-es5.js":"6c169f375d3d00a5d38dd69c55e40bcee015c97c9e491437148680cc47c25fe3","/vendor-es5.js.map":"88ee2416177bf5f034a3c0a604012ae06385b447f94ca4e9fb3176aac943a388"}}
